{"name": "Check verify in chosen device ram and price", "status": "broken", "statusDetails": {"message": "selenium.common.exceptions.StaleElementReferenceException: Message: stale element reference: element is not attached to the page document\n  (Session info: chrome=109.0.5414.119)\nStacktrace:\n0   chromedriver                        0x000000010ee44fa8 chromedriver + 4886440\n1   chromedriver                        0x000000010edc2643 chromedriver + 4351555\n2   chromedriver                        0x000000010ea10b27 chromedriver + 477991\n3   chromedriver                        0x000000010ea14f78 chromedriver + 495480\n4   chromedriver                        0x000000010ea14c46 chromedriver + 494662\n5   chromedriver                        0x000000010ea1504c chromedriver + 495692\n6   chromedriver                        0x000000010ea579c1 chromedriver + 768449\n7   chromedriver                        0x000000010ea47c71 chromedriver + 703601\n8   chromedriver                        0x000000010ea7b5d2 chromedriver + 914898\n9   chromedriver                        0x000000010ea473dd chromedriver + 701405\n10  chromedriver                        0x000000010ea7b78e chromedriver + 915342\n11  chromedriver                        0x000000010ea965fe chromedriver + 1025534\n12  chromedriver                        0x000000010ea7b3a3 chromedriver + 914339\n13  chromedriver                        0x000000010ea4557f chromedriver + 693631\n14  chromedriver                        0x000000010ea46b1e chromedriver + 699166\n15  chromedriver                        0x000000010ee11b9e chromedriver + 4676510\n16  chromedriver                        0x000000010ee1691e chromedriver + 4696350\n17  chromedriver                        0x000000010ee1e19f chromedriver + 4727199\n18  chromedriver                        0x000000010ee1781a chromedriver + 4700186\n19  chromedriver                        0x000000010edeaa62 chromedriver + 4516450\n20  chromedriver                        0x000000010ee368c8 chromedriver + 4827336\n21  chromedriver                        0x000000010ee36a45 chromedriver + 4827717\n22  chromedriver                        0x000000010ee4c7ef chromedriver + 4917231\n23  libsystem_pthread.dylib             0x00007ff803631259 _pthread_start + 125\n24  libsystem_pthread.dylib             0x00007ff80362cc7b thread_start + 15", "trace": "self = <tests.tests_rozetka.TestRozetkaFilters.TestDevicePage object at 0x11036dc10>\ndriver = <selenium.webdriver.chrome.webdriver.WebDriver (session=\"f62fc3e8b497e2abf03b01a6e1f461a4\")>\n\n    @allure.title('Check verify in chosen device ram and price')\n    def testItemRamAndPrice(self, driver):\n        main_page = MainPage(driver, 'https://rozetka.com.ua/ua/')\n        main_page.open()\n        main_page.click_universal_category_link(driver, \"Смартфони\")\n        SubCategory.click_universal_subcategory_menu_link(self, \"Мобільні\", driver)\n        DeviceCategory.choose_ram_сapacity(self, driver, 12)\n>       DeviceCategory.click_check_box_filter(self, driver, \"Синій\")\n\ntests/tests_rozetka.py:152: \n_ _ _ _ _ _ _ _ _ _ _ _ _ _ _ _ _ _ _ _ _ _ _ _ _ _ _ _ _ _ _ _ _ _ _ _ _ _ _ _ _ _ _ _ _ _ _ _ _ _ _ _ _ _ _ _ _ _ _ _ _ _ _ _ _ _ _ _ _ _ _ _ _ _ _ _ _ _ _ _ _ _ _ _ _ _ \npages/devices_category_page.py:36: in click_check_box_filter\n    element.click()\nvenv/lib/python3.11/site-packages/selenium/webdriver/remote/webelement.py:93: in click\n    self._execute(Command.CLICK_ELEMENT)\nvenv/lib/python3.11/site-packages/selenium/webdriver/remote/webelement.py:410: in _execute\n    return self._parent.execute(command, params)\nvenv/lib/python3.11/site-packages/selenium/webdriver/remote/webdriver.py:444: in execute\n    self.error_handler.check_response(response)\n_ _ _ _ _ _ _ _ _ _ _ _ _ _ _ _ _ _ _ _ _ _ _ _ _ _ _ _ _ _ _ _ _ _ _ _ _ _ _ _ _ _ _ _ _ _ _ _ _ _ _ _ _ _ _ _ _ _ _ _ _ _ _ _ _ _ _ _ _ _ _ _ _ _ _ _ _ _ _ _ _ _ _ _ _ _ \n\nself = <selenium.webdriver.remote.errorhandler.ErrorHandler object at 0x1104ea990>\nresponse = {'status': 404, 'value': '{\"value\":{\"error\":\"stale element reference\",\"message\":\"stale element reference: element is n...ff803631259 _pthread_start + 125\\\\n24  libsystem_pthread.dylib             0x00007ff80362cc7b thread_start + 15\\\\n\"}}'}\n\n    def check_response(self, response: Dict[str, Any]) -> None:\n        \"\"\"\n        Checks that a JSON response from the WebDriver does not have an error.\n    \n        :Args:\n         - response - The JSON response from the WebDriver server as a dictionary\n           object.\n    \n        :Raises: If the response contains an error message.\n        \"\"\"\n        status = response.get(\"status\", None)\n        if not status or status == ErrorCode.SUCCESS:\n            return\n        value = None\n        message = response.get(\"message\", \"\")\n        screen: str = response.get(\"screen\", \"\")\n        stacktrace = None\n        if isinstance(status, int):\n            value_json = response.get(\"value\", None)\n            if value_json and isinstance(value_json, str):\n                import json\n    \n                try:\n                    value = json.loads(value_json)\n                    if len(value.keys()) == 1:\n                        value = value[\"value\"]\n                    status = value.get(\"error\", None)\n                    if not status:\n                        status = value.get(\"status\", ErrorCode.UNKNOWN_ERROR)\n                        message = value.get(\"value\") or value.get(\"message\")\n                        if not isinstance(message, str):\n                            value = message\n                            message = message.get(\"message\")\n                    else:\n                        message = value.get(\"message\", None)\n                except ValueError:\n                    pass\n    \n        exception_class: Type[WebDriverException]\n        if status in ErrorCode.NO_SUCH_ELEMENT:\n            exception_class = NoSuchElementException\n        elif status in ErrorCode.NO_SUCH_FRAME:\n            exception_class = NoSuchFrameException\n        elif status in ErrorCode.NO_SUCH_SHADOW_ROOT:\n            exception_class = NoSuchShadowRootException\n        elif status in ErrorCode.NO_SUCH_WINDOW:\n            exception_class = NoSuchWindowException\n        elif status in ErrorCode.STALE_ELEMENT_REFERENCE:\n            exception_class = StaleElementReferenceException\n        elif status in ErrorCode.ELEMENT_NOT_VISIBLE:\n            exception_class = ElementNotVisibleException\n        elif status in ErrorCode.INVALID_ELEMENT_STATE:\n            exception_class = InvalidElementStateException\n        elif (\n            status in ErrorCode.INVALID_SELECTOR\n            or status in ErrorCode.INVALID_XPATH_SELECTOR\n            or status in ErrorCode.INVALID_XPATH_SELECTOR_RETURN_TYPER\n        ):\n            exception_class = InvalidSelectorException\n        elif status in ErrorCode.ELEMENT_IS_NOT_SELECTABLE:\n            exception_class = ElementNotSelectableException\n        elif status in ErrorCode.ELEMENT_NOT_INTERACTABLE:\n            exception_class = ElementNotInteractableException\n        elif status in ErrorCode.INVALID_COOKIE_DOMAIN:\n            exception_class = InvalidCookieDomainException\n        elif status in ErrorCode.UNABLE_TO_SET_COOKIE:\n            exception_class = UnableToSetCookieException\n        elif status in ErrorCode.TIMEOUT:\n            exception_class = TimeoutException\n        elif status in ErrorCode.SCRIPT_TIMEOUT:\n            exception_class = TimeoutException\n        elif status in ErrorCode.UNKNOWN_ERROR:\n            exception_class = WebDriverException\n        elif status in ErrorCode.UNEXPECTED_ALERT_OPEN:\n            exception_class = UnexpectedAlertPresentException\n        elif status in ErrorCode.NO_ALERT_OPEN:\n            exception_class = NoAlertPresentException\n        elif status in ErrorCode.IME_NOT_AVAILABLE:\n            exception_class = ImeNotAvailableException\n        elif status in ErrorCode.IME_ENGINE_ACTIVATION_FAILED:\n            exception_class = ImeActivationFailedException\n        elif status in ErrorCode.MOVE_TARGET_OUT_OF_BOUNDS:\n            exception_class = MoveTargetOutOfBoundsException\n        elif status in ErrorCode.JAVASCRIPT_ERROR:\n            exception_class = JavascriptException\n        elif status in ErrorCode.SESSION_NOT_CREATED:\n            exception_class = SessionNotCreatedException\n        elif status in ErrorCode.INVALID_ARGUMENT:\n            exception_class = InvalidArgumentException\n        elif status in ErrorCode.NO_SUCH_COOKIE:\n            exception_class = NoSuchCookieException\n        elif status in ErrorCode.UNABLE_TO_CAPTURE_SCREEN:\n            exception_class = ScreenshotException\n        elif status in ErrorCode.ELEMENT_CLICK_INTERCEPTED:\n            exception_class = ElementClickInterceptedException\n        elif status in ErrorCode.INSECURE_CERTIFICATE:\n            exception_class = InsecureCertificateException\n        elif status in ErrorCode.INVALID_COORDINATES:\n            exception_class = InvalidCoordinatesException\n        elif status in ErrorCode.INVALID_SESSION_ID:\n            exception_class = InvalidSessionIdException\n        elif status in ErrorCode.UNKNOWN_METHOD:\n            exception_class = UnknownMethodException\n        else:\n            exception_class = WebDriverException\n        if not value:\n            value = response[\"value\"]\n        if isinstance(value, str):\n            raise exception_class(value)\n        if message == \"\" and \"message\" in value:\n            message = value[\"message\"]\n    \n        screen = None  # type: ignore[assignment]\n        if \"screen\" in value:\n            screen = value[\"screen\"]\n    \n        stacktrace = None\n        st_value = value.get(\"stackTrace\") or value.get(\"stacktrace\")\n        if st_value:\n            if isinstance(st_value, str):\n                stacktrace = st_value.split(\"\\n\")\n            else:\n                stacktrace = []\n                try:\n                    for frame in st_value:\n                        line = frame.get(\"lineNumber\", \"\")\n                        file = frame.get(\"fileName\", \"<anonymous>\")\n                        if line:\n                            file = f\"{file}:{line}\"\n                        meth = frame.get(\"methodName\", \"<anonymous>\")\n                        if \"className\" in frame:\n                            meth = \"{}.{}\".format(frame[\"className\"], meth)\n                        msg = \"    at %s (%s)\"\n                        msg = msg % (meth, file)\n                        stacktrace.append(msg)\n                except TypeError:\n                    pass\n        if exception_class == UnexpectedAlertPresentException:\n            alert_text = None\n            if \"data\" in value:\n                alert_text = value[\"data\"].get(\"text\")\n            elif \"alert\" in value:\n                alert_text = value[\"alert\"].get(\"text\")\n            raise exception_class(message, screen, stacktrace, alert_text)  # type: ignore[call-arg]  # mypy is not smart enough here\n>       raise exception_class(message, screen, stacktrace)\nE       selenium.common.exceptions.StaleElementReferenceException: Message: stale element reference: element is not attached to the page document\nE         (Session info: chrome=109.0.5414.119)\nE       Stacktrace:\nE       0   chromedriver                        0x000000010ee44fa8 chromedriver + 4886440\nE       1   chromedriver                        0x000000010edc2643 chromedriver + 4351555\nE       2   chromedriver                        0x000000010ea10b27 chromedriver + 477991\nE       3   chromedriver                        0x000000010ea14f78 chromedriver + 495480\nE       4   chromedriver                        0x000000010ea14c46 chromedriver + 494662\nE       5   chromedriver                        0x000000010ea1504c chromedriver + 495692\nE       6   chromedriver                        0x000000010ea579c1 chromedriver + 768449\nE       7   chromedriver                        0x000000010ea47c71 chromedriver + 703601\nE       8   chromedriver                        0x000000010ea7b5d2 chromedriver + 914898\nE       9   chromedriver                        0x000000010ea473dd chromedriver + 701405\nE       10  chromedriver                        0x000000010ea7b78e chromedriver + 915342\nE       11  chromedriver                        0x000000010ea965fe chromedriver + 1025534\nE       12  chromedriver                        0x000000010ea7b3a3 chromedriver + 914339\nE       13  chromedriver                        0x000000010ea4557f chromedriver + 693631\nE       14  chromedriver                        0x000000010ea46b1e chromedriver + 699166\nE       15  chromedriver                        0x000000010ee11b9e chromedriver + 4676510\nE       16  chromedriver                        0x000000010ee1691e chromedriver + 4696350\nE       17  chromedriver                        0x000000010ee1e19f chromedriver + 4727199\nE       18  chromedriver                        0x000000010ee1781a chromedriver + 4700186\nE       19  chromedriver                        0x000000010edeaa62 chromedriver + 4516450\nE       20  chromedriver                        0x000000010ee368c8 chromedriver + 4827336\nE       21  chromedriver                        0x000000010ee36a45 chromedriver + 4827717\nE       22  chromedriver                        0x000000010ee4c7ef chromedriver + 4917231\nE       23  libsystem_pthread.dylib             0x00007ff803631259 _pthread_start + 125\nE       24  libsystem_pthread.dylib             0x00007ff80362cc7b thread_start + 15\n\nvenv/lib/python3.11/site-packages/selenium/webdriver/remote/errorhandler.py:249: StaleElementReferenceException"}, "start": 1676394984624, "stop": 1676394996257, "uuid": "a6cea7b8-a7fc-464e-b877-02f52fd70f56", "historyId": "83780ac99214eb38cd880d318f940efb", "testCaseId": "39fa6d058a2c1e019526f83cae839b57", "fullName": "tests.tests_rozetka.TestDevicePage#testItemRamAndPrice", "labels": [{"name": "suite", "value": "RozetkaFilters"}, {"name": "feature", "value": "DevicePage"}, {"name": "parentSuite", "value": "tests"}, {"name": "subSuite", "value": "TestRozetkaFilters"}, {"name": "host", "value": "Tarass-MacBook-Pro.local"}, {"name": "thread", "value": "9818-MainThread"}, {"name": "framework", "value": "pytest"}, {"name": "language", "value": "cpython3"}, {"name": "package", "value": "tests.tests_rozetka"}]}